<?xml version="1.0" encoding="UTF-8" ?>
<testsuite failures="0" time="0.016" errors="0" skipped="0" tests="1" name="com.baoyuan.ReplaceTest">
  <properties>
    <property name="java.runtime.name" value="Java(TM) SE Runtime Environment"/>
    <property name="sun.boot.library.path" value="D:\Java\jdk1_6_24\jre\bin"/>
    <property name="java.vm.version" value="19.1-b02"/>
    <property name="java.vm.vendor" value="Sun Microsystems Inc."/>
    <property name="java.vendor.url" value="http://java.sun.com/"/>
    <property name="path.separator" value=";"/>
    <property name="java.vm.name" value="Java HotSpot(TM) Client VM"/>
    <property name="file.encoding.pkg" value="sun.io"/>
    <property name="user.country" value="CN"/>
    <property name="sun.java.launcher" value="SUN_STANDARD"/>
    <property name="sun.os.patch.level" value="Service Pack 3"/>
    <property name="java.vm.specification.name" value="Java Virtual Machine Specification"/>
    <property name="user.dir" value="E:\amworkspace\weixin\weixin-core"/>
    <property name="java.runtime.version" value="1.6.0_24-b07"/>
    <property name="java.awt.graphicsenv" value="sun.awt.Win32GraphicsEnvironment"/>
    <property name="basedir" value="E:\amworkspace\weixin\weixin-core"/>
    <property name="java.endorsed.dirs" value="D:\Java\jdk1_6_24\jre\lib\endorsed"/>
    <property name="os.arch" value="x86"/>
    <property name="surefire.real.class.path" value="E:\amworkspace\weixin\weixin-core\target\surefire\surefirebooter432144900044995931.jar"/>
    <property name="java.io.tmpdir" value="C:\DOCUME~1\ADMINI~1\LOCALS~1\Temp\"/>
    <property name="line.separator" value="
"/>
    <property name="java.vm.specification.vendor" value="Sun Microsystems Inc."/>
    <property name="user.variant" value=""/>
    <property name="os.name" value="Windows XP"/>
    <property name="sun.jnu.encoding" value="GBK"/>
    <property name="java.library.path" value="D:\Java\jdk1_6_24\jre\bin;.;C:\WINDOWS\Sun\Java\bin;C:\WINDOWS\system32;C:\WINDOWS;D:/Java/jdk1_6_24/bin/../jre/bin/client;D:/Java/jdk1_6_24/bin/../jre/bin;D:/Java/jdk1_6_24/bin/../jre/lib/i386;C:\Program Files\Common Files\NetSarang;D:\oracle\product\10.2.0\db_1\bin;C:\WINDOWS\system32;C:\WINDOWS;C:\WINDOWS\System32\Wbem;D:\Java\svn\bin;C:\Documents and Settings\Administrator\Local Settings\Application Data\Kingsoft\WPS Office\9.1.0.4764\office6;D:\Java\jdk1_6_24\bin;D:\Java\apache-maven-3.0.4\bin;;D:\Java\eclipse-jee-juno-SR1-win32\eclipse;"/>
    <property name="surefire.test.class.path" value="E:\amworkspace\weixin\weixin-core\target\test-classes;E:\amworkspace\weixin\weixin-core\target\classes;D:\repository\com\baoyuan\weixin-api\1.0.0-SNAPSHOT\weixin-api-1.0.0-SNAPSHOT.jar;D:\repository\org\apache\httpcomponents\httpmime\4.3.1\httpmime-4.3.1.jar;D:\repository\org\apache\httpcomponents\httpclient\4.3.1\httpclient-4.3.1.jar;D:\repository\org\apache\httpcomponents\httpcore\4.3\httpcore-4.3.jar;D:\repository\org\json\json\20131018\json-20131018.jar;D:\repository\com\baoyuan\common-util\1.0.0-SNAPSHOT\common-util-1.0.0-SNAPSHOT.jar;D:\repository\com\google\guava\guava\15.0\guava-15.0.jar;D:\repository\commons-beanutils\commons-beanutils\1.8.3\commons-beanutils-1.8.3.jar;D:\repository\commons-collections\commons-collections\3.2\commons-collections-3.2.jar;D:\repository\com\google\code\spring-crypto-utils\spring-crypto-utils\1.3.0\spring-crypto-utils-1.3.0.jar;D:\repository\commons-codec\commons-codec\1.6\commons-codec-1.6.jar;D:\repository\org\bouncycastle\bcprov-jdk16\1.46\bcprov-jdk16-1.46.jar;D:\repository\commons-logging\commons-logging\1.1\commons-logging-1.1.jar;D:\repository\logkit\logkit\1.0.1\logkit-1.0.1.jar;D:\repository\avalon-framework\avalon-framework\4.1.3\avalon-framework-4.1.3.jar;D:\repository\javax\servlet\servlet-api\2.5\servlet-api-2.5.jar;D:\repository\spy\spymemcached\2.8.1\spymemcached-2.8.1.jar;D:\repository\com\googlecode\xmemcached\xmemcached\1.4.2\xmemcached-1.4.2.jar;D:\repository\dom4j\dom4j\1.6\dom4j-1.6.jar;D:\repository\xml-apis\xml-apis\1.0.b2\xml-apis-1.0.b2.jar;D:\repository\javax\validation\validation-api\1.1.0.CR3\validation-api-1.1.0.CR3.jar;D:\repository\org\hibernate\hibernate-validator\4.3.1.Final\hibernate-validator-4.3.1.Final.jar;D:\repository\org\jboss\logging\jboss-logging\3.1.0.CR2\jboss-logging-3.1.0.CR2.jar;D:\repository\com\baoyuan\common-shiro\1.0.0-SNAPSHOT\common-shiro-1.0.0-SNAPSHOT.jar;D:\repository\javax\servlet\javax.servlet-api\3.0.1\javax.servlet-api-3.0.1.jar;D:\repository\com\baoyuan\common-shared\1.0.0-SNAPSHOT\common-shared-1.0.0-SNAPSHOT.jar;D:\repository\org\springframework\spring-core\3.2.2.RELEASE\spring-core-3.2.2.RELEASE.jar;D:\repository\org\springframework\spring-beans\3.2.2.RELEASE\spring-beans-3.2.2.RELEASE.jar;D:\repository\org\springframework\spring-context\3.2.2.RELEASE\spring-context-3.2.2.RELEASE.jar;D:\repository\org\springframework\spring-context-support\3.2.2.RELEASE\spring-context-support-3.2.2.RELEASE.jar;D:\repository\org\springframework\spring-expression\3.2.2.RELEASE\spring-expression-3.2.2.RELEASE.jar;D:\repository\org\springframework\spring-aop\3.2.2.RELEASE\spring-aop-3.2.2.RELEASE.jar;D:\repository\aopalliance\aopalliance\1.0\aopalliance-1.0.jar;D:\repository\org\springframework\spring-jdbc\3.2.2.RELEASE\spring-jdbc-3.2.2.RELEASE.jar;D:\repository\org\springframework\spring-tx\3.2.2.RELEASE\spring-tx-3.2.2.RELEASE.jar;D:\repository\org\springframework\spring-web\3.2.2.RELEASE\spring-web-3.2.2.RELEASE.jar;D:\repository\org\springframework\spring-webmvc\3.2.2.RELEASE\spring-webmvc-3.2.2.RELEASE.jar;D:\repository\org\aspectj\aspectjweaver\1.7.1\aspectjweaver-1.7.1.jar;D:\repository\org\aspectj\aspectjrt\1.7.1\aspectjrt-1.7.1.jar;D:\repository\cglib\cglib-nodep\2.2\cglib-nodep-2.2.jar;D:\repository\net\sf\ehcache\ehcache-core\2.6.5\ehcache-core-2.6.5.jar;D:\repository\com\alibaba\fastjson\1.1.36\fastjson-1.1.36.jar;D:\repository\commons-io\commons-io\2.4\commons-io-2.4.jar;D:\repository\org\apache\commons\commons-lang3\3.1\commons-lang3-3.1.jar;D:\repository\commons-fileupload\commons-fileupload\1.2.2\commons-fileupload-1.2.2.jar;D:\repository\jaxen\jaxen\1.1.4\jaxen-1.1.4.jar;D:\repository\org\freemarker\freemarker\2.3.19\freemarker-2.3.19.jar;D:\repository\com\google\code\kaptcha\2.3.2\kaptcha-2.3.2.jar;D:\repository\org\apache\shiro\shiro-core\1.2.2\shiro-core-1.2.2.jar;D:\repository\org\apache\shiro\shiro-web\1.2.2\shiro-web-1.2.2.jar;D:\repository\org\apache\shiro\shiro-ehcache\1.2.2\shiro-ehcache-1.2.2.jar;D:\repository\org\apache\shiro\shiro-spring\1.2.2\shiro-spring-1.2.2.jar;D:\repository\org\apache\shiro\shiro-aspectj\1.2.2\shiro-aspectj-1.2.2.jar;D:\repository\org\codehaus\groovy\groovy-all\2.1.8\groovy-all-2.1.8.jar;D:\repository\org\slf4j\slf4j-api\1.7.5\slf4j-api-1.7.5.jar;D:\repository\org\slf4j\slf4j-log4j12\1.7.5\slf4j-log4j12-1.7.5.jar;D:\repository\log4j\log4j\1.2.17\log4j-1.2.17.jar;D:\repository\junit\junit\4.11\junit-4.11.jar;D:\repository\org\hamcrest\hamcrest-core\1.3\hamcrest-core-1.3.jar;D:\repository\org\springframework\spring-test\3.2.2.RELEASE\spring-test-3.2.2.RELEASE.jar;"/>
    <property name="java.specification.name" value="Java Platform API Specification"/>
    <property name="java.class.version" value="50.0"/>
    <property name="sun.management.compiler" value="HotSpot Client Compiler"/>
    <property name="os.version" value="5.1"/>
    <property name="user.home" value="C:\Documents and Settings\Administrator"/>
    <property name="user.timezone" value="Asia/Shanghai"/>
    <property name="java.awt.printerjob" value="sun.awt.windows.WPrinterJob"/>
    <property name="java.specification.version" value="1.6"/>
    <property name="file.encoding" value="GBK"/>
    <property name="user.name" value="Administrator"/>
    <property name="java.class.path" value="E:\amworkspace\weixin\weixin-core\target\test-classes;E:\amworkspace\weixin\weixin-core\target\classes;D:\repository\com\baoyuan\weixin-api\1.0.0-SNAPSHOT\weixin-api-1.0.0-SNAPSHOT.jar;D:\repository\org\apache\httpcomponents\httpmime\4.3.1\httpmime-4.3.1.jar;D:\repository\org\apache\httpcomponents\httpclient\4.3.1\httpclient-4.3.1.jar;D:\repository\org\apache\httpcomponents\httpcore\4.3\httpcore-4.3.jar;D:\repository\org\json\json\20131018\json-20131018.jar;D:\repository\com\baoyuan\common-util\1.0.0-SNAPSHOT\common-util-1.0.0-SNAPSHOT.jar;D:\repository\com\google\guava\guava\15.0\guava-15.0.jar;D:\repository\commons-beanutils\commons-beanutils\1.8.3\commons-beanutils-1.8.3.jar;D:\repository\commons-collections\commons-collections\3.2\commons-collections-3.2.jar;D:\repository\com\google\code\spring-crypto-utils\spring-crypto-utils\1.3.0\spring-crypto-utils-1.3.0.jar;D:\repository\commons-codec\commons-codec\1.6\commons-codec-1.6.jar;D:\repository\org\bouncycastle\bcprov-jdk16\1.46\bcprov-jdk16-1.46.jar;D:\repository\commons-logging\commons-logging\1.1\commons-logging-1.1.jar;D:\repository\logkit\logkit\1.0.1\logkit-1.0.1.jar;D:\repository\avalon-framework\avalon-framework\4.1.3\avalon-framework-4.1.3.jar;D:\repository\javax\servlet\servlet-api\2.5\servlet-api-2.5.jar;D:\repository\spy\spymemcached\2.8.1\spymemcached-2.8.1.jar;D:\repository\com\googlecode\xmemcached\xmemcached\1.4.2\xmemcached-1.4.2.jar;D:\repository\dom4j\dom4j\1.6\dom4j-1.6.jar;D:\repository\xml-apis\xml-apis\1.0.b2\xml-apis-1.0.b2.jar;D:\repository\javax\validation\validation-api\1.1.0.CR3\validation-api-1.1.0.CR3.jar;D:\repository\org\hibernate\hibernate-validator\4.3.1.Final\hibernate-validator-4.3.1.Final.jar;D:\repository\org\jboss\logging\jboss-logging\3.1.0.CR2\jboss-logging-3.1.0.CR2.jar;D:\repository\com\baoyuan\common-shiro\1.0.0-SNAPSHOT\common-shiro-1.0.0-SNAPSHOT.jar;D:\repository\javax\servlet\javax.servlet-api\3.0.1\javax.servlet-api-3.0.1.jar;D:\repository\com\baoyuan\common-shared\1.0.0-SNAPSHOT\common-shared-1.0.0-SNAPSHOT.jar;D:\repository\org\springframework\spring-core\3.2.2.RELEASE\spring-core-3.2.2.RELEASE.jar;D:\repository\org\springframework\spring-beans\3.2.2.RELEASE\spring-beans-3.2.2.RELEASE.jar;D:\repository\org\springframework\spring-context\3.2.2.RELEASE\spring-context-3.2.2.RELEASE.jar;D:\repository\org\springframework\spring-context-support\3.2.2.RELEASE\spring-context-support-3.2.2.RELEASE.jar;D:\repository\org\springframework\spring-expression\3.2.2.RELEASE\spring-expression-3.2.2.RELEASE.jar;D:\repository\org\springframework\spring-aop\3.2.2.RELEASE\spring-aop-3.2.2.RELEASE.jar;D:\repository\aopalliance\aopalliance\1.0\aopalliance-1.0.jar;D:\repository\org\springframework\spring-jdbc\3.2.2.RELEASE\spring-jdbc-3.2.2.RELEASE.jar;D:\repository\org\springframework\spring-tx\3.2.2.RELEASE\spring-tx-3.2.2.RELEASE.jar;D:\repository\org\springframework\spring-web\3.2.2.RELEASE\spring-web-3.2.2.RELEASE.jar;D:\repository\org\springframework\spring-webmvc\3.2.2.RELEASE\spring-webmvc-3.2.2.RELEASE.jar;D:\repository\org\aspectj\aspectjweaver\1.7.1\aspectjweaver-1.7.1.jar;D:\repository\org\aspectj\aspectjrt\1.7.1\aspectjrt-1.7.1.jar;D:\repository\cglib\cglib-nodep\2.2\cglib-nodep-2.2.jar;D:\repository\net\sf\ehcache\ehcache-core\2.6.5\ehcache-core-2.6.5.jar;D:\repository\com\alibaba\fastjson\1.1.36\fastjson-1.1.36.jar;D:\repository\commons-io\commons-io\2.4\commons-io-2.4.jar;D:\repository\org\apache\commons\commons-lang3\3.1\commons-lang3-3.1.jar;D:\repository\commons-fileupload\commons-fileupload\1.2.2\commons-fileupload-1.2.2.jar;D:\repository\jaxen\jaxen\1.1.4\jaxen-1.1.4.jar;D:\repository\org\freemarker\freemarker\2.3.19\freemarker-2.3.19.jar;D:\repository\com\google\code\kaptcha\2.3.2\kaptcha-2.3.2.jar;D:\repository\org\apache\shiro\shiro-core\1.2.2\shiro-core-1.2.2.jar;D:\repository\org\apache\shiro\shiro-web\1.2.2\shiro-web-1.2.2.jar;D:\repository\org\apache\shiro\shiro-ehcache\1.2.2\shiro-ehcache-1.2.2.jar;D:\repository\org\apache\shiro\shiro-spring\1.2.2\shiro-spring-1.2.2.jar;D:\repository\org\apache\shiro\shiro-aspectj\1.2.2\shiro-aspectj-1.2.2.jar;D:\repository\org\codehaus\groovy\groovy-all\2.1.8\groovy-all-2.1.8.jar;D:\repository\org\slf4j\slf4j-api\1.7.5\slf4j-api-1.7.5.jar;D:\repository\org\slf4j\slf4j-log4j12\1.7.5\slf4j-log4j12-1.7.5.jar;D:\repository\log4j\log4j\1.2.17\log4j-1.2.17.jar;D:\repository\junit\junit\4.11\junit-4.11.jar;D:\repository\org\hamcrest\hamcrest-core\1.3\hamcrest-core-1.3.jar;D:\repository\org\springframework\spring-test\3.2.2.RELEASE\spring-test-3.2.2.RELEASE.jar;"/>
    <property name="java.vm.specification.version" value="1.0"/>
    <property name="sun.arch.data.model" value="32"/>
    <property name="java.home" value="D:\Java\jdk1_6_24\jre"/>
    <property name="java.specification.vendor" value="Sun Microsystems Inc."/>
    <property name="user.language" value="zh"/>
    <property name="awt.toolkit" value="sun.awt.windows.WToolkit"/>
    <property name="java.vm.info" value="mixed mode"/>
    <property name="java.version" value="1.6.0_24"/>
    <property name="java.ext.dirs" value="D:\Java\jdk1_6_24\jre\lib\ext;C:\WINDOWS\Sun\Java\lib\ext"/>
    <property name="sun.boot.class.path" value="D:\Java\jdk1_6_24\jre\lib\resources.jar;D:\Java\jdk1_6_24\jre\lib\rt.jar;D:\Java\jdk1_6_24\jre\lib\sunrsasign.jar;D:\Java\jdk1_6_24\jre\lib\jsse.jar;D:\Java\jdk1_6_24\jre\lib\jce.jar;D:\Java\jdk1_6_24\jre\lib\charsets.jar;D:\Java\jdk1_6_24\jre\lib\modules\jdk.boot.jar;D:\Java\jdk1_6_24\jre\classes"/>
    <property name="java.vendor" value="Sun Microsystems Inc."/>
    <property name="localRepository" value="D:\repository"/>
    <property name="file.separator" value="\"/>
    <property name="java.vendor.url.bug" value="http://java.sun.com/cgi-bin/bugreport.cgi"/>
    <property name="sun.cpu.endian" value="little"/>
    <property name="sun.io.unicode.encoding" value="UnicodeLittle"/>
    <property name="sun.desktop" value="windows"/>
    <property name="sun.cpu.isalist" value="pentium_pro+mmx pentium_pro pentium+mmx pentium i486 i386 i86"/>
  </properties>
  <testcase time="0.016" classname="com.baoyuan.ReplaceTest" name="replaceTest"/>
</testsuite>